2026-03-27 01:53:33,129 | INFO     | src.ingestion.raw_sources |   14 | Loading cyclones from C:\Users\Khalid Mohammad\OneDrive\Desktop\data-pipeline\data\raw\cyclones.csv
2026-03-27 01:57:07,814 | INFO     | src.ingestion.raw_sources |   14 | Loading cyclones from C:\Users\Khalid Mohammad\OneDrive\Desktop\data-pipeline\data\raw\cyclones.csv
2026-03-27 01:58:31,957 | INFO     | src.ingestion.raw_sources |   14 | Loading cyclones from C:\Users\Khalid Mohammad\OneDrive\Desktop\data-pipeline\data\raw\cyclones.csv
2026-03-27 02:00:26,377 | INFO     | src.ingestion.raw_sources |   14 | Loading cyclones from C:\Users\Khalid Mohammad\OneDrive\Desktop\data-pipeline\data\raw\cyclones.csv
2026-03-27 02:01:50,258 | INFO     | src.ingestion.raw_sources |   14 | Loading cyclones from C:\Users\Khalid Mohammad\OneDrive\Desktop\data-pipeline\data\raw\cyclones.csv
2026-03-27 02:02:49,472 | INFO     | src.ingestion.raw_sources |   14 | Loading cyclones from C:\Users\Khalid Mohammad\OneDrive\Desktop\data-pipeline\data\raw\cyclones.csv
2026-03-27 02:04:37,010 | INFO     | src.ingestion.raw_sources |   14 | Loading cyclones from C:\Users\Khalid Mohammad\OneDrive\Desktop\data-pipeline\data\raw\cyclones.csv
2026-03-27 02:04:38,092 | INFO     | src.ingestion.raw_sources |   62 | Cyclones loaded: (3441, 10) after filtering 2007-01-01ñ2017-12-31
2026-03-27 02:04:38,093 | INFO     | src.ingestion.raw_sources |   68 | Loading earthquakes from C:\Users\Khalid Mohammad\OneDrive\Desktop\data-pipeline\data\raw\earthquakes.csv
2026-03-27 02:04:38,218 | INFO     | src.ingestion.raw_sources |  104 | Earthquakes loaded: (10620, 12) after filtering 2007-01-01ñ2017-12-31
2026-03-27 02:04:38,219 | INFO     | src.ingestion.raw_sources |  110 | Loading landslides from C:\Users\Khalid Mohammad\OneDrive\Desktop\data-pipeline\data\raw\landslides.csv
2026-03-27 02:06:53,165 | INFO     | src.ingestion.raw_sources |   14 | Loading cyclones from C:\Users\Khalid Mohammad\OneDrive\Desktop\data-pipeline\data\raw\cyclones.csv
2026-03-27 02:06:54,237 | INFO     | src.ingestion.raw_sources |   62 | Cyclones loaded: (3441, 10) after filtering 2007-01-01ñ2017-12-31
2026-03-27 02:06:54,238 | INFO     | src.ingestion.raw_sources |   68 | Loading earthquakes from C:\Users\Khalid Mohammad\OneDrive\Desktop\data-pipeline\data\raw\earthquakes.csv
2026-03-27 02:06:54,361 | INFO     | src.ingestion.raw_sources |  104 | Earthquakes loaded: (10620, 12) after filtering 2007-01-01ñ2017-12-31
2026-03-27 02:06:54,362 | INFO     | src.ingestion.raw_sources |  110 | Loading landslides from C:\Users\Khalid Mohammad\OneDrive\Desktop\data-pipeline\data\raw\landslides.csv
2026-03-27 02:06:55,288 | INFO     | src.ingestion.raw_sources |  163 | Landslides loaded: (10988, 11) after filtering 2007-01-01ñ2017-12-31
2026-03-27 02:06:55,289 | INFO     | src.ingestion.raw_sources |  169 | Loading MODIS fire from C:\Users\Khalid Mohammad\OneDrive\Desktop\data-pipeline\data\raw\fires.parquet
2026-03-27 02:08:04,203 | INFO     | src.ingestion.raw_sources |   14 | Loading cyclones from C:\Users\Khalid Mohammad\OneDrive\Desktop\data-pipeline\data\raw\cyclones.csv
2026-03-27 02:08:06,527 | INFO     | src.ingestion.raw_sources |   62 | Cyclones loaded: (3441, 10) after filtering 2007-01-01ñ2017-12-31
2026-03-27 02:08:06,527 | INFO     | src.ingestion.raw_sources |   68 | Loading earthquakes from C:\Users\Khalid Mohammad\OneDrive\Desktop\data-pipeline\data\raw\earthquakes.csv
2026-03-27 02:08:06,675 | INFO     | src.ingestion.raw_sources |  104 | Earthquakes loaded: (10620, 12) after filtering 2007-01-01ñ2017-12-31
2026-03-27 02:08:06,676 | INFO     | src.ingestion.raw_sources |  110 | Loading landslides from C:\Users\Khalid Mohammad\OneDrive\Desktop\data-pipeline\data\raw\landslides.csv
2026-03-27 02:08:07,793 | INFO     | src.ingestion.raw_sources |  163 | Landslides loaded: (10988, 11) after filtering 2007-01-01ñ2017-12-31
2026-03-27 02:08:07,794 | INFO     | src.ingestion.raw_sources |  169 | Loading MODIS fire from C:\Users\Khalid Mohammad\OneDrive\Desktop\data-pipeline\data\raw\fires.parquet
2026-03-27 02:08:52,709 | INFO     | src.ingestion.raw_sources |   14 | Loading cyclones from C:\Users\Khalid Mohammad\OneDrive\Desktop\data-pipeline\data\raw\cyclones.csv
2026-03-27 02:08:55,068 | INFO     | src.ingestion.raw_sources |   62 | Cyclones loaded: (3441, 10) after filtering 2007-01-01ñ2017-12-31
2026-03-27 02:08:55,069 | INFO     | src.ingestion.raw_sources |   68 | Loading earthquakes from C:\Users\Khalid Mohammad\OneDrive\Desktop\data-pipeline\data\raw\earthquakes.csv
2026-03-27 02:08:55,209 | INFO     | src.ingestion.raw_sources |  104 | Earthquakes loaded: (10620, 12) after filtering 2007-01-01ñ2017-12-31
2026-03-27 02:08:55,210 | INFO     | src.ingestion.raw_sources |  110 | Loading landslides from C:\Users\Khalid Mohammad\OneDrive\Desktop\data-pipeline\data\raw\landslides.csv
2026-03-27 02:08:56,238 | INFO     | src.ingestion.raw_sources |  163 | Landslides loaded: (10988, 11) after filtering 2007-01-01ñ2017-12-31
2026-03-27 02:08:56,238 | INFO     | src.ingestion.raw_sources |  169 | Loading MODIS fire from C:\Users\Khalid Mohammad\OneDrive\Desktop\data-pipeline\data\raw\fires.parquet
2026-03-27 02:09:21,673 | INFO     | src.ingestion.raw_sources |   14 | Loading cyclones from C:\Users\Khalid Mohammad\OneDrive\Desktop\data-pipeline\data\raw\cyclones.csv
2026-03-27 02:09:23,764 | INFO     | src.ingestion.raw_sources |   62 | Cyclones loaded: (3441, 10) after filtering 2007-01-01ñ2017-12-31
2026-03-27 02:09:23,765 | INFO     | src.ingestion.raw_sources |   68 | Loading earthquakes from C:\Users\Khalid Mohammad\OneDrive\Desktop\data-pipeline\data\raw\earthquakes.csv
2026-03-27 02:09:23,910 | INFO     | src.ingestion.raw_sources |  104 | Earthquakes loaded: (10620, 12) after filtering 2007-01-01ñ2017-12-31
2026-03-27 02:09:23,911 | INFO     | src.ingestion.raw_sources |  110 | Loading landslides from C:\Users\Khalid Mohammad\OneDrive\Desktop\data-pipeline\data\raw\landslides.csv
2026-03-27 02:09:24,923 | INFO     | src.ingestion.raw_sources |  163 | Landslides loaded: (10988, 11) after filtering 2007-01-01ñ2017-12-31
2026-03-27 02:09:47,835 | INFO     | src.ingestion.raw_sources |   14 | Loading cyclones from C:\Users\Khalid Mohammad\OneDrive\Desktop\data-pipeline\data\raw\cyclones.csv
2026-03-27 02:09:49,908 | INFO     | src.ingestion.raw_sources |   62 | Cyclones loaded: (3441, 10) after filtering 2007-01-01ñ2017-12-31
2026-03-27 02:09:49,909 | INFO     | src.ingestion.raw_sources |   68 | Loading earthquakes from C:\Users\Khalid Mohammad\OneDrive\Desktop\data-pipeline\data\raw\earthquakes.csv
2026-03-27 02:09:50,048 | INFO     | src.ingestion.raw_sources |  104 | Earthquakes loaded: (10620, 12) after filtering 2007-01-01ñ2017-12-31
2026-03-27 02:09:50,049 | INFO     | src.ingestion.raw_sources |  110 | Loading landslides from C:\Users\Khalid Mohammad\OneDrive\Desktop\data-pipeline\data\raw\landslides.csv
2026-03-27 02:09:51,046 | INFO     | src.ingestion.raw_sources |  163 | Landslides loaded: (10988, 11) after filtering 2007-01-01ñ2017-12-31
2026-03-27 02:09:51,047 | INFO     | src.ingestion.raw_sources |  169 | Loading MODIS fire from C:\Users\Khalid Mohammad\OneDrive\Desktop\data-pipeline\data\raw\fires.csv
2026-03-27 02:10:17,716 | INFO     | src.ingestion.raw_sources |  220 | Fire loaded: (0, 15) after filtering 2007-01-01ñ2017-12-31
2026-03-27 02:10:17,717 | INFO     | src.core.storage |   52 | Saving Parquet: C:\Users\Khalid Mohammad\OneDrive\Desktop\data-pipeline\data\bronze\cyclone_events_20260327_021017.parquet | shape=(3441, 10)
2026-03-27 02:10:17,780 | INFO     | src.core.storage |   52 | Saving Parquet: C:\Users\Khalid Mohammad\OneDrive\Desktop\data-pipeline\data\bronze\earthquake_events_20260327_021017.parquet | shape=(10620, 12)
2026-03-27 02:10:17,810 | INFO     | src.core.storage |   52 | Saving Parquet: C:\Users\Khalid Mohammad\OneDrive\Desktop\data-pipeline\data\bronze\landslide_events_20260327_021017.parquet | shape=(10988, 11)
2026-03-27 02:10:17,838 | INFO     | src.core.storage |   52 | Saving Parquet: C:\Users\Khalid Mohammad\OneDrive\Desktop\data-pipeline\data\bronze\fire_events_20260327_021017.parquet | shape=(0, 15)
2026-03-27 02:13:47,613 | INFO     | src.ingestion.raw_sources |   14 | Loading cyclones from C:\Users\Khalid Mohammad\OneDrive\Desktop\data-pipeline\data\raw\cyclones.csv
2026-03-27 02:13:49,620 | INFO     | src.ingestion.raw_sources |   62 | Cyclones loaded: (3441, 10) after filtering 2007-01-01ñ2017-12-31
2026-03-27 02:13:49,620 | INFO     | src.ingestion.raw_sources |   68 | Loading earthquakes from C:\Users\Khalid Mohammad\OneDrive\Desktop\data-pipeline\data\raw\earthquakes.csv
2026-03-27 02:13:49,762 | INFO     | src.ingestion.raw_sources |  104 | Earthquakes loaded: (10620, 12) after filtering 2007-01-01ñ2017-12-31
2026-03-27 02:13:49,763 | INFO     | src.ingestion.raw_sources |  110 | Loading landslides from C:\Users\Khalid Mohammad\OneDrive\Desktop\data-pipeline\data\raw\landslides.csv
2026-03-27 02:13:50,735 | INFO     | src.ingestion.raw_sources |  163 | Landslides loaded: (10988, 11) after filtering 2007-01-01ñ2017-12-31
2026-03-27 02:14:02,701 | INFO     | src.ingestion.raw_sources |   14 | Loading cyclones from C:\Users\Khalid Mohammad\OneDrive\Desktop\data-pipeline\data\raw\cyclones.csv
2026-03-27 02:14:04,687 | INFO     | src.ingestion.raw_sources |   62 | Cyclones loaded: (3441, 10) after filtering 2007-01-01ñ2017-12-31
2026-03-27 02:14:04,687 | INFO     | src.ingestion.raw_sources |   68 | Loading earthquakes from C:\Users\Khalid Mohammad\OneDrive\Desktop\data-pipeline\data\raw\earthquakes.csv
2026-03-27 02:14:04,825 | INFO     | src.ingestion.raw_sources |  104 | Earthquakes loaded: (10620, 12) after filtering 2007-01-01ñ2017-12-31
2026-03-27 02:14:04,826 | INFO     | src.ingestion.raw_sources |  110 | Loading landslides from C:\Users\Khalid Mohammad\OneDrive\Desktop\data-pipeline\data\raw\landslides.csv
2026-03-27 02:14:05,790 | INFO     | src.ingestion.raw_sources |  163 | Landslides loaded: (10988, 11) after filtering 2007-01-01ñ2017-12-31
2026-03-27 02:14:05,790 | INFO     | src.ingestion.raw_sources |  169 | Loading MODIS fire from C:\Users\Khalid Mohammad\OneDrive\Desktop\data-pipeline\data\raw\fires.csv
2026-03-27 02:14:21,096 | INFO     | src.ingestion.raw_sources |   14 | Loading cyclones from C:\Users\Khalid Mohammad\OneDrive\Desktop\data-pipeline\data\raw\cyclones.csv
2026-03-27 02:14:23,066 | INFO     | src.ingestion.raw_sources |   62 | Cyclones loaded: (3441, 10) after filtering 2007-01-01ñ2017-12-31
2026-03-27 02:14:23,066 | INFO     | src.ingestion.raw_sources |   68 | Loading earthquakes from C:\Users\Khalid Mohammad\OneDrive\Desktop\data-pipeline\data\raw\earthquakes.csv
2026-03-27 02:14:23,201 | INFO     | src.ingestion.raw_sources |  104 | Earthquakes loaded: (10620, 12) after filtering 2007-01-01ñ2017-12-31
2026-03-27 02:14:23,202 | INFO     | src.ingestion.raw_sources |  110 | Loading landslides from C:\Users\Khalid Mohammad\OneDrive\Desktop\data-pipeline\data\raw\landslides.csv
2026-03-27 02:14:24,160 | INFO     | src.ingestion.raw_sources |  163 | Landslides loaded: (10988, 11) after filtering 2007-01-01ñ2017-12-31
2026-03-27 02:14:24,160 | INFO     | src.ingestion.raw_sources |  169 | Loading MODIS fire from C:\Users\Khalid Mohammad\OneDrive\Desktop\data-pipeline\data\raw\fires.csv
2026-03-27 02:14:49,639 | INFO     | src.ingestion.raw_sources |  222 | Fire loaded: (0, 15) after filtering 2007-01-01ñ2017-12-31
2026-03-27 02:14:49,642 | INFO     | src.core.storage |   52 | Saving Parquet: C:\Users\Khalid Mohammad\OneDrive\Desktop\data-pipeline\data\bronze\cyclone_events_20260327_021449.parquet | shape=(3441, 10)
2026-03-27 02:14:49,685 | INFO     | src.core.storage |   52 | Saving Parquet: C:\Users\Khalid Mohammad\OneDrive\Desktop\data-pipeline\data\bronze\earthquake_events_20260327_021449.parquet | shape=(10620, 12)
2026-03-27 02:14:49,711 | INFO     | src.core.storage |   52 | Saving Parquet: C:\Users\Khalid Mohammad\OneDrive\Desktop\data-pipeline\data\bronze\landslide_events_20260327_021449.parquet | shape=(10988, 11)
2026-03-27 02:14:49,737 | INFO     | src.core.storage |   52 | Saving Parquet: C:\Users\Khalid Mohammad\OneDrive\Desktop\data-pipeline\data\bronze\fire_events_20260327_021449.parquet | shape=(0, 15)
2026-03-27 02:16:25,254 | INFO     | src.ingestion.raw_sources |   14 | Loading cyclones from C:\Users\Khalid Mohammad\OneDrive\Desktop\data-pipeline\data\raw\cyclones.csv
2026-03-27 02:16:27,301 | INFO     | src.ingestion.raw_sources |   62 | Cyclones loaded: (3441, 10) after filtering 2007-01-01ñ2017-12-31
2026-03-27 02:16:27,301 | INFO     | src.ingestion.raw_sources |   68 | Loading earthquakes from C:\Users\Khalid Mohammad\OneDrive\Desktop\data-pipeline\data\raw\earthquakes.csv
2026-03-27 02:16:27,436 | INFO     | src.ingestion.raw_sources |  104 | Earthquakes loaded: (10620, 12) after filtering 2007-01-01ñ2017-12-31
2026-03-27 02:16:27,437 | INFO     | src.ingestion.raw_sources |  110 | Loading landslides from C:\Users\Khalid Mohammad\OneDrive\Desktop\data-pipeline\data\raw\landslides.csv
2026-03-27 02:16:28,385 | INFO     | src.ingestion.raw_sources |  163 | Landslides loaded: (10988, 11) after filtering 2007-01-01ñ2017-12-31
2026-03-27 02:16:28,385 | INFO     | src.ingestion.raw_sources |  169 | Loading MODIS fire from C:\Users\Khalid Mohammad\OneDrive\Desktop\data-pipeline\data\raw\fires.csv
2026-03-27 02:16:53,759 | INFO     | src.ingestion.raw_sources |  222 | Fire loaded: (867491, 15) after filtering 2007-01-01ñ2017-12-31
2026-03-27 02:16:53,767 | INFO     | src.core.storage |   52 | Saving Parquet: C:\Users\Khalid Mohammad\OneDrive\Desktop\data-pipeline\data\bronze\cyclone_events_20260327_021653.parquet | shape=(3441, 10)
2026-03-27 02:16:53,825 | INFO     | src.core.storage |   52 | Saving Parquet: C:\Users\Khalid Mohammad\OneDrive\Desktop\data-pipeline\data\bronze\earthquake_events_20260327_021653.parquet | shape=(10620, 12)
2026-03-27 02:16:53,850 | INFO     | src.core.storage |   52 | Saving Parquet: C:\Users\Khalid Mohammad\OneDrive\Desktop\data-pipeline\data\bronze\landslide_events_20260327_021653.parquet | shape=(10988, 11)
2026-03-27 02:16:53,874 | INFO     | src.core.storage |   52 | Saving Parquet: C:\Users\Khalid Mohammad\OneDrive\Desktop\data-pipeline\data\bronze\fire_events_20260327_021653.parquet | shape=(867491, 15)
2026-03-27 02:19:38,790 | INFO     | src.ingestion.raw_sources |   14 | Loading cyclones from C:\Users\Khalid Mohammad\OneDrive\Desktop\data-pipeline\data\raw\cyclones.csv
2026-03-27 02:19:40,878 | INFO     | src.ingestion.raw_sources |   62 | Cyclones loaded: (3441, 10) after filtering 2007-01-01ñ2017-12-31
2026-03-27 02:19:40,878 | INFO     | src.ingestion.raw_sources |   68 | Loading earthquakes from C:\Users\Khalid Mohammad\OneDrive\Desktop\data-pipeline\data\raw\earthquakes.csv
2026-03-27 02:19:41,017 | INFO     | src.ingestion.raw_sources |  104 | Earthquakes loaded: (10620, 12) after filtering 2007-01-01ñ2017-12-31
2026-03-27 02:19:41,018 | INFO     | src.ingestion.raw_sources |  110 | Loading landslides from C:\Users\Khalid Mohammad\OneDrive\Desktop\data-pipeline\data\raw\landslides.csv
2026-03-27 02:19:41,984 | INFO     | src.ingestion.raw_sources |  163 | Landslides loaded: (10988, 11) after filtering 2007-01-01ñ2017-12-31
2026-03-27 02:19:41,985 | INFO     | src.ingestion.raw_sources |  169 | Loading MODIS fire from C:\Users\Khalid Mohammad\OneDrive\Desktop\data-pipeline\data\raw\fires.csv
2026-03-27 02:20:07,809 | INFO     | src.ingestion.raw_sources |  222 | Fire loaded: (0, 15) after filtering 2007-01-01ñ2017-12-31
2026-03-27 02:20:07,810 | INFO     | src.core.storage |   52 | Saving Parquet: C:\Users\Khalid Mohammad\OneDrive\Desktop\data-pipeline\data\bronze\cyclone_events_20260327_022007.parquet | shape=(3441, 10)
2026-03-27 02:20:07,868 | INFO     | src.core.storage |   52 | Saving Parquet: C:\Users\Khalid Mohammad\OneDrive\Desktop\data-pipeline\data\bronze\earthquake_events_20260327_022007.parquet | shape=(10620, 12)
2026-03-27 02:20:07,895 | INFO     | src.core.storage |   52 | Saving Parquet: C:\Users\Khalid Mohammad\OneDrive\Desktop\data-pipeline\data\bronze\landslide_events_20260327_022007.parquet | shape=(10988, 11)
2026-03-27 02:20:07,920 | INFO     | src.core.storage |   52 | Saving Parquet: C:\Users\Khalid Mohammad\OneDrive\Desktop\data-pipeline\data\bronze\fire_events_20260327_022007.parquet | shape=(0, 15)
2026-03-27 12:47:34,895 | INFO     | src.ingestion.raw_sources |   14 | Loading cyclones from C:\Users\Khalid Mohammad\OneDrive\Desktop\data-pipeline\data\raw\cyclones.csv
2026-03-27 12:47:37,383 | INFO     | src.ingestion.raw_sources |   62 | Cyclones loaded: (3441, 10) after filtering 2007-01-01ñ2017-12-31
2026-03-27 12:47:37,383 | INFO     | src.ingestion.raw_sources |   68 | Loading earthquakes from C:\Users\Khalid Mohammad\OneDrive\Desktop\data-pipeline\data\raw\earthquakes.csv
2026-03-27 12:47:37,542 | INFO     | src.ingestion.raw_sources |  104 | Earthquakes loaded: (10620, 12) after filtering 2007-01-01ñ2017-12-31
2026-03-27 12:47:37,543 | INFO     | src.ingestion.raw_sources |  110 | Loading landslides from C:\Users\Khalid Mohammad\OneDrive\Desktop\data-pipeline\data\raw\landslides.csv
2026-03-27 12:47:38,659 | INFO     | src.ingestion.raw_sources |  163 | Landslides loaded: (10988, 11) after filtering 2007-01-01ñ2017-12-31
2026-03-27 12:47:38,660 | INFO     | src.ingestion.raw_sources |  169 | Loading MODIS fire from C:\Users\Khalid Mohammad\OneDrive\Desktop\data-pipeline\data\raw\fires.csv
2026-03-27 12:48:06,127 | INFO     | src.ingestion.raw_sources |  222 | Fire loaded: (0, 15) after filtering 2007-01-01ñ2017-12-31
2026-03-27 12:48:06,129 | INFO     | src.core.storage |   52 | Saving Parquet: C:\Users\Khalid Mohammad\OneDrive\Desktop\data-pipeline\data\bronze\cyclone_events_20260327_124806.parquet | shape=(3441, 10)
2026-03-27 12:48:06,637 | INFO     | src.core.storage |   52 | Saving Parquet: C:\Users\Khalid Mohammad\OneDrive\Desktop\data-pipeline\data\bronze\earthquake_events_20260327_124806.parquet | shape=(10620, 12)
2026-03-27 12:48:06,668 | INFO     | src.core.storage |   52 | Saving Parquet: C:\Users\Khalid Mohammad\OneDrive\Desktop\data-pipeline\data\bronze\landslide_events_20260327_124806.parquet | shape=(10988, 11)
2026-03-27 12:48:06,695 | INFO     | src.core.storage |   52 | Saving Parquet: C:\Users\Khalid Mohammad\OneDrive\Desktop\data-pipeline\data\bronze\fire_events_20260327_124806.parquet | shape=(0, 15)
2026-03-27 12:48:06,702 | INFO     | src.core.storage |   20 | Reading Parquet: data\bronze\cyclone_events_20260327_124806.parquet
2026-03-27 12:48:07,274 | INFO     | src.core.storage |   20 | Reading Parquet: data\bronze\earthquake_events_20260327_124806.parquet
2026-03-27 12:48:07,340 | INFO     | src.core.storage |   20 | Reading Parquet: data\bronze\fire_events_20260327_124806.parquet
2026-03-27 12:48:07,350 | INFO     | src.core.storage |   20 | Reading Parquet: data\bronze\landslide_events_20260327_124806.parquet
2026-03-27 18:16:02,498 | INFO     | src.ingestion.raw_sources |   14 | Loading cyclones from C:\Users\Khalid Mohammad\OneDrive\Desktop\data-pipeline\data\raw\cyclones.csv
2026-03-27 18:16:04,748 | INFO     | src.ingestion.raw_sources |   62 | Cyclones loaded: (3441, 10) after filtering 2007-01-01ñ2017-12-31
2026-03-27 18:16:04,749 | INFO     | src.ingestion.raw_sources |   68 | Loading earthquakes from C:\Users\Khalid Mohammad\OneDrive\Desktop\data-pipeline\data\raw\earthquakes.csv
2026-03-27 18:16:04,908 | INFO     | src.ingestion.raw_sources |  104 | Earthquakes loaded: (10620, 12) after filtering 2007-01-01ñ2017-12-31
2026-03-27 18:16:04,910 | INFO     | src.ingestion.raw_sources |  110 | Loading landslides from C:\Users\Khalid Mohammad\OneDrive\Desktop\data-pipeline\data\raw\landslides.csv
2026-03-27 18:16:05,972 | INFO     | src.ingestion.raw_sources |  163 | Landslides loaded: (10988, 11) after filtering 2007-01-01ñ2017-12-31
2026-03-27 18:16:05,980 | INFO     | src.ingestion.raw_sources |  169 | Loading MODIS fire from C:\Users\Khalid Mohammad\OneDrive\Desktop\data-pipeline\data\raw\fires.csv
2026-03-28 01:08:54,575 | INFO     | src.ingestion.raw_sources |   14 | Loading cyclones from C:\Users\Khalid Mohammad\OneDrive\Desktop\data-pipeline\data\raw\cyclones.csv
2026-03-28 01:08:56,630 | INFO     | src.ingestion.raw_sources |   62 | Cyclones loaded: (3441, 10) after filtering 2007-01-01ñ2017-12-31
2026-03-28 01:08:56,631 | INFO     | src.ingestion.raw_sources |   68 | Loading earthquakes from C:\Users\Khalid Mohammad\OneDrive\Desktop\data-pipeline\data\raw\earthquakes.csv
2026-03-28 01:08:56,770 | INFO     | src.ingestion.raw_sources |  104 | Earthquakes loaded: (10620, 12) after filtering 2007-01-01ñ2017-12-31
2026-03-28 01:08:56,771 | INFO     | src.ingestion.raw_sources |  110 | Loading landslides from C:\Users\Khalid Mohammad\OneDrive\Desktop\data-pipeline\data\raw\landslides.csv
2026-03-28 01:08:57,762 | INFO     | src.ingestion.raw_sources |  163 | Landslides loaded: (10988, 11) after filtering 2007-01-01ñ2017-12-31
2026-03-28 01:08:57,762 | INFO     | src.ingestion.raw_sources |  169 | Loading MODIS fire from C:\Users\Khalid Mohammad\OneDrive\Desktop\data-pipeline\data\raw\fires.csv
